
=== Tue Oct  6 16:59:32 2020

Packages were changed.
Update Mode: updateDependencies

The following packages were added:
  com.unity.2d.sprite@1.0.0
  com.unity.2d.tilemap@1.0.0
  com.unity.ide.rider@1.1.4
  com.unity.ide.vscode@1.2.1
  com.unity.modules.androidjni@1.0.0
  com.unity.test-framework@1.1.16
  com.unity.ugui@1.0.0
The following packages were updated:
  com.unity.ads from version 3.0.3 to 3.4.9
  com.unity.analytics from version 3.3.2 to 3.3.5
  com.unity.multiplayer-hlapi from version 1.0.2 to 1.0.6
  com.unity.purchasing from version 2.0.6 to 2.1.0
  com.unity.textmeshpro from version 2.0.0 to 2.0.1
  com.unity.timeline from version 1.0.0 to 1.2.6
  com.unity.xr.arcore from version 2.1.0-preview.5 to 2.1.11
  com.unity.xr.arfoundation from version 2.1.0-preview.3 to 2.1.8
  com.unity.xr.arkit from version 2.1.0-preview.5 to 2.1.9
  com.unity.xr.arkit-face-tracking from version 1.0.0-preview.6 to 1.0.7
The following packages were removed:
  com.unity.package-manager-ui@2.1.2
